<?xml version="1.0" encoding="UTF-8"?>
<!-- Generated by org.testng.reporters.JUnitReportReporter -->
<testsuite name="automationAssignmentEbay.Sgyu" tests="1" time="330.722" ignored="0" failures="0" timestamp="02 Aug 2018 14:35:38 GMT" skipped="0" hostname="Pooja-HP" errors="0">
  <testcase name="eBay_OrderEntry" time="330.722" classname="automationAssignmentEbay.Sgyu"/>
</testsuite> <!-- automationAssignmentEbay.Sgyu -->
