<?xml version="1.0" encoding="UTF-8"?>
<!-- Generated by org.testng.reporters.JUnitReportReporter -->
<testsuite name="com.Pages.Login" tests="1" time="45.408" ignored="1" failures="0" timestamp="02 Aug 2018 04:14:02 GMT" skipped="0" hostname="Pooja-HP" errors="0">
  <testcase name="validUserLogin" time="45.408" classname="com.Pages.Login"/>
  <testcase name="invalidUserDetails" classname="com.Pages.Login">
    <skipped/>
  </testcase> <!-- invalidUserDetails -->
</testsuite> <!-- com.Pages.Login -->
